Building DAG of jobs...
Using shell: /bin/bash
Provided cluster nodes: 20
Job counts:
	count	jobs
	1	all
	9	eval
	4	glove
	14

[Thu Nov 14 15:36:35 2019]
rule glove:
    input: /fs/meili0/faheem/gpanlp/GloVe/intermediate_files/shuf.cooccurrence.5.bin, /fs/meili0/faheem/gpanlp/GloVe/intermediate_files/glove_vocab.txt
    output: /fs/meili0/faheem/gpanlp/models_glove/glove.w5.d64.model
    jobid: 16
    wildcards: vector=64, window=5

Submitted job 16 with external jobid 'Submitted batch job 7137216'.

[Thu Nov 14 15:36:35 2019]
rule eval:
    input: /fs/meili0/faheem/gpanlp/models_glove/glove.w8.d128.model, /fs/meili0/faheem/gpanlp/GloVe/intermediate_files/glove_vocab.txt
    output: /fs/meili0/faheem/gpanlp/models_glove/eval/glove.w8.d128.eval
    jobid: 8
    wildcards: vector=128, window=8

Submitted job 8 with external jobid 'Submitted batch job 7137217'.

[Thu Nov 14 15:36:35 2019]
rule eval:
    input: /fs/meili0/faheem/gpanlp/models_glove/glove.w8.d64.model, /fs/meili0/faheem/gpanlp/GloVe/intermediate_files/glove_vocab.txt
    output: /fs/meili0/faheem/gpanlp/models_glove/eval/glove.w8.d64.eval
    jobid: 9
    wildcards: vector=64, window=8

Submitted job 9 with external jobid 'Submitted batch job 7137218'.

[Thu Nov 14 15:36:35 2019]
rule glove:
    input: /fs/meili0/faheem/gpanlp/GloVe/intermediate_files/shuf.cooccurrence.5.bin, /fs/meili0/faheem/gpanlp/GloVe/intermediate_files/glove_vocab.txt
    output: /fs/meili0/faheem/gpanlp/models_glove/glove.w5.d128.model
    jobid: 13
    wildcards: vector=128, window=5

Submitted job 13 with external jobid 'Submitted batch job 7137219'.

[Thu Nov 14 15:36:35 2019]
rule eval:
    input: /fs/meili0/faheem/gpanlp/models_glove/glove.w13.d64.model, /fs/meili0/faheem/gpanlp/GloVe/intermediate_files/glove_vocab.txt
    output: /fs/meili0/faheem/gpanlp/models_glove/eval/glove.w13.d64.eval
    jobid: 1
    wildcards: vector=64, window=13

Submitted job 1 with external jobid 'Submitted batch job 7137220'.

[Thu Nov 14 15:36:35 2019]
rule eval:
    input: /fs/meili0/faheem/gpanlp/models_glove/glove.w13.d128.model, /fs/meili0/faheem/gpanlp/GloVe/intermediate_files/glove_vocab.txt
    output: /fs/meili0/faheem/gpanlp/models_glove/eval/glove.w13.d128.eval
    jobid: 4
    wildcards: vector=128, window=13

Submitted job 4 with external jobid 'Submitted batch job 7137221'.

[Thu Nov 14 15:36:35 2019]
rule eval:
    input: /fs/meili0/faheem/gpanlp/models_glove/glove.w8.d256.model, /fs/meili0/faheem/gpanlp/GloVe/intermediate_files/glove_vocab.txt
    output: /fs/meili0/faheem/gpanlp/models_glove/eval/glove.w8.d256.eval
    jobid: 7
    wildcards: vector=256, window=8

Submitted job 7 with external jobid 'Submitted batch job 7137222'.

[Thu Nov 14 15:36:35 2019]
rule glove:
    input: /fs/meili0/faheem/gpanlp/GloVe/intermediate_files/shuf.cooccurrence.13.bin, /fs/meili0/faheem/gpanlp/GloVe/intermediate_files/glove_vocab.txt
    output: /fs/meili0/faheem/gpanlp/models_glove/glove.w13.d256.model
    jobid: 15
    wildcards: vector=256, window=13

Submitted job 15 with external jobid 'Submitted batch job 7137223'.

[Thu Nov 14 15:36:35 2019]
rule glove:
    input: /fs/meili0/faheem/gpanlp/GloVe/intermediate_files/shuf.cooccurrence.5.bin, /fs/meili0/faheem/gpanlp/GloVe/intermediate_files/glove_vocab.txt
    output: /fs/meili0/faheem/gpanlp/models_glove/glove.w5.d256.model
    jobid: 12
    wildcards: vector=256, window=5

Submitted job 12 with external jobid 'Submitted batch job 7137224'.
[Thu Nov 14 15:39:15 2019]
Finished job 9.
1 of 14 steps (7%) done
[Thu Nov 14 15:39:15 2019]
Finished job 1.
2 of 14 steps (14%) done
[Thu Nov 14 15:39:25 2019]
Finished job 8.
3 of 14 steps (21%) done
[Thu Nov 14 15:39:25 2019]
Finished job 4.
4 of 14 steps (29%) done
[Thu Nov 14 15:41:05 2019]
Finished job 7.
5 of 14 steps (36%) done
[Thu Nov 14 18:37:56 2019]
Finished job 16.
6 of 14 steps (43%) done

[Thu Nov 14 18:37:56 2019]
rule eval:
    input: /fs/meili0/faheem/gpanlp/models_glove/glove.w5.d64.model, /fs/meili0/faheem/gpanlp/GloVe/intermediate_files/glove_vocab.txt
    output: /fs/meili0/faheem/gpanlp/models_glove/eval/glove.w5.d64.eval
    jobid: 6
    wildcards: vector=64, window=5

Submitted job 6 with external jobid 'Submitted batch job 7137230'.
[Thu Nov 14 18:57:28 2019]
Finished job 6.
7 of 14 steps (50%) done
[Thu Nov 14 19:40:01 2019]
Finished job 13.
8 of 14 steps (57%) done

[Thu Nov 14 19:40:01 2019]
rule eval:
    input: /fs/meili0/faheem/gpanlp/models_glove/glove.w5.d128.model, /fs/meili0/faheem/gpanlp/GloVe/intermediate_files/glove_vocab.txt
    output: /fs/meili0/faheem/gpanlp/models_glove/eval/glove.w5.d128.eval
    jobid: 3
    wildcards: vector=128, window=5

Submitted job 3 with external jobid 'Submitted batch job 7137231'.
[Thu Nov 14 19:46:31 2019]
Finished job 3.
9 of 14 steps (64%) done
[Thu Nov 14 22:13:10 2019]
Finished job 12.
10 of 14 steps (71%) done

[Thu Nov 14 22:13:10 2019]
rule eval:
    input: /fs/meili0/faheem/gpanlp/models_glove/glove.w5.d256.model, /fs/meili0/faheem/gpanlp/GloVe/intermediate_files/glove_vocab.txt
    output: /fs/meili0/faheem/gpanlp/models_glove/eval/glove.w5.d256.eval
    jobid: 2
    wildcards: vector=256, window=5

Submitted job 2 with external jobid 'Submitted batch job 7137232'.
[Thu Nov 14 22:31:42 2019]
Finished job 2.
11 of 14 steps (79%) done
[Fri Nov 15 04:06:33 2019]
Finished job 15.
12 of 14 steps (86%) done

[Fri Nov 15 04:06:33 2019]
rule eval:
    input: /fs/meili0/faheem/gpanlp/models_glove/glove.w13.d256.model, /fs/meili0/faheem/gpanlp/GloVe/intermediate_files/glove_vocab.txt
    output: /fs/meili0/faheem/gpanlp/models_glove/eval/glove.w13.d256.eval
    jobid: 5
    wildcards: vector=256, window=13

Submitted job 5 with external jobid 'Submitted batch job 7137233'.
[Fri Nov 15 04:10:03 2019]
Finished job 5.
13 of 14 steps (93%) done

[Fri Nov 15 04:10:03 2019]
localrule all:
    input: /fs/meili0/faheem/gpanlp/models_glove/eval/glove.w5.d64.eval, /fs/meili0/faheem/gpanlp/models_glove/eval/glove.w5.d128.eval, /fs/meili0/faheem/gpanlp/models_glove/eval/glove.w5.d256.eval, /fs/meili0/faheem/gpanlp/models_glove/eval/glove.w8.d64.eval, /fs/meili0/faheem/gpanlp/models_glove/eval/glove.w8.d128.eval, /fs/meili0/faheem/gpanlp/models_glove/eval/glove.w8.d256.eval, /fs/meili0/faheem/gpanlp/models_glove/eval/glove.w13.d64.eval, /fs/meili0/faheem/gpanlp/models_glove/eval/glove.w13.d128.eval, /fs/meili0/faheem/gpanlp/models_glove/eval/glove.w13.d256.eval
    jobid: 0

[Fri Nov 15 04:10:03 2019]
Finished job 0.
14 of 14 steps (100%) done
Complete log: /mnt/meili0/faheem/gpanlp/GloVe/snakemake/.snakemake/log/2019-11-14T153635.011252.snakemake.log
